La génération a démarré 14/02/2025 09:48:06.
La verbosité de la journalisation a la valeur Normal.     1>Projet "C:\Users\PC\source\repos\3DRendererSFML\3DRendererSFML\3DRendererSFML.vcxproj" sur le nœud 2 (Build cible(s)).
     1>PrepareForBuild:
         La sortie structurée est activée. La mise en forme du compilateur diagnostics reflète la hiérarchie des erreurs. Pour plus d’informations, consultez https://aka.ms/cpp/structured-output.
       InitializeBuildStatus:
         Création de "x64\Release\3DRendererSFML.tlog\unsuccessfulbuild", car "AlwaysCreate" a été spécifié.
         Mise à jour de l'horodatage "x64\Release\3DRendererSFML.tlog\unsuccessfulbuild".
       ClCompile:
         D:\Microsoft Visual Studio\2022\Community\VC\Tools\MSVC\14.42.34433\bin\HostX64\x64\CL.exe /c /IC:\Users\PC\source\repos\3DRendererSFML\include /Zi /nologo /W3 /WX- /diagnostics:column /sdl /O2 /Oi /GL /D NDEBUG /D _CONSOLE /D _UNICODE /D UNICODE /Gm- /EHsc /MD /GS /Gy /fp:precise /Zc:wchar_t /Zc:forScope /Zc:inline /permissive- /Fo"x64\Release\\" /Fd"x64\Release\vc143.pdb" /external:W3 /Gd /TP /FC /errorReport:prompt 3DRenderer.cpp
         3DRenderer.cpp
       Link:
         D:\Microsoft Visual Studio\2022\Community\VC\Tools\MSVC\14.42.34433\bin\HostX64\x64\link.exe /ERRORREPORT:PROMPT /OUT:"C:\Users\PC\source\repos\3DRendererSFML\x64\Release\3DRendererSFML.exe" /NOLOGO /LIBPATH:C:\Users\PC\source\repos\3DRendererSFML\lib "sfml-system.lib" "sfml-window.lib" "sfml-graphics.lib" "sfml-audio.lib" "sfml-network.lib" kernel32.lib user32.lib gdi32.lib winspool.lib comdlg32.lib advapi32.lib shell32.lib ole32.lib oleaut32.lib uuid.lib odbc32.lib odbccp32.lib /MANIFEST /MANIFESTUAC:"level='asInvoker' uiAccess='false'" /manifest:embed /DEBUG /PDB:"C:\Users\PC\source\repos\3DRendererSFML\x64\Release\3DRendererSFML.pdb" /SUBSYSTEM:CONSOLE /OPT:REF /OPT:ICF /LTCG:incremental /LTCGOUT:"x64\Release\3DRendererSFML.iobj" /TLBID:1 /DYNAMICBASE /NXCOMPAT /IMPLIB:"C:\Users\PC\source\repos\3DRendererSFML\x64\Release\3DRendererSFML.lib" /MACHINE:X64 x64\Release\3DRenderer.obj
         x64\Release\main.obj
         Génération de code en cours
         3 of 176 functions ( 1.7%) were compiled, the rest were copied from previous compilation.
           0 functions were new in current compilation
           0 functions had inline decision re-evaluated but remain unchanged
         Fin de la génération du code
         3DRendererSFML.vcxproj -> C:\Users\PC\source\repos\3DRendererSFML\x64\Release\3DRendererSFML.exe
       FinalizeBuildStatus:
         Suppression du fichier "x64\Release\3DRendererSFML.tlog\unsuccessfulbuild".
         Mise à jour de l'horodatage "x64\Release\3DRendererSFML.tlog\3DRendererSFML.lastbuildstate".
     1>Génération du projet "C:\Users\PC\source\repos\3DRendererSFML\3DRendererSFML\3DRendererSFML.vcxproj" terminée (Build cible(s)).

La génération a réussi.
    0 Avertissement(s)
    0 Erreur(s)

Temps écoulé 00:00:02.28
