La génération a démarré 15/02/2025 18:41:53.
La verbosité de la journalisation a la valeur Normal.     1>Projet "C:\Users\PC\source\repos\dark-dylan-93220\3DRendererSFML\3DRendererSFML\3DRendererSFML.vcxproj" sur le nœud 2 (Build cible(s)).
     1>PrepareForBuild:
         La sortie structurée est activée. La mise en forme du compilateur diagnostics reflète la hiérarchie des erreurs. Pour plus d’informations, consultez https://aka.ms/cpp/structured-output.
       InitializeBuildStatus:
         Mise à jour de l'horodatage "x64\Debug\3DRendererSFML.tlog\unsuccessfulbuild".
       ClCompile:
         D:\Microsoft Visual Studio\2022\Community\VC\Tools\MSVC\14.42.34433\bin\HostX64\x64\CL.exe /c /I"C:\Users\PC\source\repos\dark-dylan-93220\3DRendererSFML\include" /ZI /JMC /nologo /W3 /WX- /diagnostics:column /sdl /Od /D _DEBUG /D _CONSOLE /D _UNICODE /D UNICODE /Gm- /EHsc /RTC1 /MDd /GS /fp:precise /Zc:wchar_t /Zc:forScope /Zc:inline /permissive- /Fo"x64\Debug\\" /Fd"x64\Debug\vc143.pdb" /external:W3 /Gd /TP /FC /errorReport:prompt 3DRenderer.cpp
         3DRenderer.cpp
       Link:
         D:\Microsoft Visual Studio\2022\Community\VC\Tools\MSVC\14.42.34433\bin\HostX64\x64\link.exe /ERRORREPORT:PROMPT /OUT:"C:\Users\PC\source\repos\dark-dylan-93220\3DRendererSFML\x64\Debug\3DRendererSFML.exe" /INCREMENTAL /ILK:"x64\Debug\3DRendererSFML.ilk" /NOLOGO /LIBPATH:"C:\Users\PC\source\repos\dark-dylan-93220\3DRendererSFML\lib" "sfml-system-d.lib" "sfml-window-d.lib" "sfml-graphics-d.lib" "sfml-audio-d.lib" "sfml-network-d.lib" kernel32.lib user32.lib gdi32.lib winspool.lib comdlg32.lib advapi32.lib shell32.lib ole32.lib oleaut32.lib uuid.lib odbc32.lib odbccp32.lib /MANIFEST /MANIFESTUAC:"level='asInvoker' uiAccess='false'" /manifest:embed /DEBUG /PDB:"C:\Users\PC\source\repos\dark-dylan-93220\3DRendererSFML\x64\Debug\3DRendererSFML.pdb" /SUBSYSTEM:CONSOLE /TLBID:1 /DYNAMICBASE /NXCOMPAT /IMPLIB:"C:\Users\PC\source\repos\dark-dylan-93220\3DRendererSFML\x64\Debug\3DRendererSFML.lib" /MACHINE:X64 x64\Debug\3DRenderer.obj
         x64\Debug\main.obj
         3DRendererSFML.vcxproj -> C:\Users\PC\source\repos\dark-dylan-93220\3DRendererSFML\x64\Debug\3DRendererSFML.exe
       TlogCleanup:
         Suppression des éléments suivants des tlogs tels qu'ils ont été supprimés du projet ou de la construction : C:\Users\PC\source\repos\3DRendererSFML\3DRendererSFML\3DRenderer.cpp
       FinalizeBuildStatus:
         Suppression du fichier "x64\Debug\3DRendererSFML.tlog\unsuccessfulbuild".
         Mise à jour de l'horodatage "x64\Debug\3DRendererSFML.tlog\3DRendererSFML.lastbuildstate".
     1>Génération du projet "C:\Users\PC\source\repos\dark-dylan-93220\3DRendererSFML\3DRendererSFML\3DRendererSFML.vcxproj" terminée (Build cible(s)).

La génération a réussi.
    0 Avertissement(s)
    0 Erreur(s)

Temps écoulé 00:00:05.07
